,number,value,datetime_start,datetime_complete,duration,params_ent_coef,params_gamma,params_learning_rate,params_max_price,params_max_reserve_capacity_fraction,params_n_epochs,params_n_steps,state
0,0,6780.768000000001,2023-01-24 21:02:45.071066,2023-01-24 21:09:30.746126,0 days 00:06:45.675060,3.6904185178239954e-05,0.8538288461451804,0.024649778220213702,31.0,0.35,14,2457,COMPLETE
1,1,7127.716,2023-01-24 21:02:45.086691,2023-01-24 21:06:23.942384,0 days 00:03:38.855693,0.0002634506323277747,0.9205445321891548,0.006839587895221969,5.0,0.4,3,520,COMPLETE
2,2,6481.719999999999,2023-01-24 21:06:23.957998,2023-01-24 21:10:09.246560,0 days 00:03:45.288562,3.2317739913207265e-05,0.8553214147997219,0.00025696164007940966,8.0,0.35,12,473,COMPLETE
3,3,6448.068,2023-01-24 21:09:30.746126,2023-01-24 21:16:13.694410,0 days 00:06:42.948284,1.7632426777983542e-07,0.9701487668980124,4.1919696704510313e-07,20.0,0.4,23,912,COMPLETE
4,4,6888.668,2023-01-24 21:10:09.246560,2023-01-24 21:13:30.159690,0 days 00:03:20.913130,1.2349016309361391e-06,0.8606171582300678,2.4714767981326363e-07,6.5,0.5,5,688,COMPLETE
5,5,6377.76,2023-01-24 21:13:30.159690,2023-01-24 21:16:13.350657,0 days 00:02:43.190967,3.678789851836246e-06,0.9369307560697531,0.24357638923618324,30.0,0.45000000000000007,3,429,COMPLETE
6,6,6630.219999999999,2023-01-24 21:16:13.350657,2023-01-24 21:19:55.465938,0 days 00:03:42.115281,1.0488648620590238e-06,0.9581516219526197,8.935167228984572e-05,10.5,0.5,12,1274,COMPLETE
7,7,6410.2480000000005,2023-01-24 21:16:13.710035,2023-01-24 21:21:18.985590,0 days 00:05:05.275555,0.008521020868382374,0.9169753232264246,0.00092504109232938,38.5,0.25,18,1070,COMPLETE
8,8,6466.0,2023-01-24 21:19:55.465938,2023-01-24 21:23:35.988424,0 days 00:03:40.522486,2.4112136437544883e-08,0.9239631075266966,0.04872047010348224,27.0,0.25,3,1793,COMPLETE
9,9,6934.372,2023-01-24 21:21:19.016827,2023-01-24 21:25:46.123094,0 days 00:04:27.106267,3.9831628751522024e-05,0.9728686683842308,0.005696627029441629,13.5,0.35,3,1418,COMPLETE
10,10,6787.620000000001,2023-01-24 21:23:36.019671,2023-01-24 21:27:34.200156,0 days 00:03:58.180485,3.1462720741837316e-06,0.9103559501192373,2.0114784757487755e-06,7.5,0.25,2,335,COMPLETE
11,11,7219.816000000001,2023-01-24 21:25:46.154348,2023-01-24 21:29:45.415857,0 days 00:03:59.261509,4.204830554848386e-05,0.8682133293773187,0.04198086615473751,9.5,0.5,1,411,COMPLETE
12,12,6899.967999999999,2023-01-24 21:27:34.215787,2023-01-24 21:31:29.923970,0 days 00:03:55.708183,0.0006086286541249831,0.8845702754470143,0.013148814071199388,8.0,0.2,2,360,COMPLETE
13,13,6480.8279999999995,2023-01-24 21:29:45.447107,2023-01-24 21:34:08.494559,0 days 00:04:23.047452,0.00018876543963265838,0.9105438412985172,0.09078844109619587,5.5,0.5,4,260,COMPLETE
14,14,6496.108,2023-01-24 21:31:29.923970,2023-01-24 21:35:25.483396,0 days 00:03:55.559426,0.00024562271345834636,0.8822674097292009,0.07744825669911543,16.0,0.5,3,356,COMPLETE
15,15,7013.748,2023-01-24 21:34:08.510181,2023-01-24 21:38:27.630919,0 days 00:04:19.120738,0.0005065666236063246,0.8902940649450349,7.326622621017387e-05,18.5,0.5,4,726,COMPLETE
16,16,6431.571999999999,2023-01-24 21:35:25.483396,2023-01-24 21:39:05.100107,0 days 00:03:39.616711,1.6353961467338805e-08,0.9068511017818841,0.01964752276651924,5.0,0.4,1,466,COMPLETE
17,17,6275.183999999999,2023-01-24 21:38:27.646547,2023-01-24 21:41:36.262497,0 days 00:03:08.615950,0.0615142525486993,0.9140951748431418,0.030683558389675188,6.0,0.35,1,959,PRUNED
18,18,6623.56,2023-01-24 21:39:05.115732,2023-01-24 21:45:17.336136,0 days 00:06:12.220404,0.014593698850783668,0.9291833312108457,0.39003896495649154,7.0,0.35,15,769,COMPLETE
19,19,5857.16,2023-01-24 21:41:36.262497,2023-01-24 21:45:01.314330,0 days 00:03:25.051833,0.002533984920835037,0.9046023029415596,0.24076894193426346,16.0,0.45000000000000007,5,2137,PRUNED
20,20,6728.44,2023-01-24 21:45:01.314330,2023-01-24 21:49:26.341903,0 days 00:04:25.027573,5.037448558205464e-05,0.8998532762108464,0.17433239290414038,14.0,0.4,13,898,COMPLETE
21,21,6714.8,2023-01-24 21:45:17.351760,2023-01-24 21:49:09.606228,0 days 00:03:52.254468,0.000372978658805568,0.8791237388518136,0.04575270832815012,9.5,0.5,11,1287,COMPLETE
22,22,6443.1320000000005,2023-01-24 21:49:09.621859,2023-01-24 21:53:14.799277,0 days 00:04:05.177418,0.0006431247431429642,0.8664358157954472,3.77843541003701e-07,25.5,0.5,7,851,COMPLETE
23,23,6633.972,2023-01-24 21:49:26.341903,2023-01-24 21:53:43.644367,0 days 00:04:17.302464,0.003782262749174659,0.8700296048049112,9.444077813873118e-07,27.0,0.4,5,822,COMPLETE
24,24,6885.74,2023-01-24 21:53:14.846151,2023-01-24 21:57:19.298848,0 days 00:04:04.452697,0.0002082884191894779,0.8704780765407383,2.6336844992230436e-05,15.5,0.4,1,766,COMPLETE
25,25,6601.24,2023-01-24 21:53:43.659981,2023-01-24 21:58:11.536359,0 days 00:04:27.876378,9.501994883447066e-05,0.865945031401526,0.003780151420369327,5.0,0.45000000000000007,1,1166,COMPLETE
26,26,6765.372,2023-01-24 21:57:19.298848,2023-01-24 22:01:34.911081,0 days 00:04:15.612233,0.0001408461859551328,0.9237728005456001,0.0002413990528692445,20.0,0.5,7,547,COMPLETE
27,27,6680.904,2023-01-24 21:58:11.536359,2023-01-24 22:02:29.633302,0 days 00:04:18.096943,0.0014714156996068451,0.9545232193691658,0.0009023700551736333,9.5,0.35,7,333,COMPLETE
28,28,6362.148,2023-01-24 22:01:34.926712,2023-01-24 22:05:29.096376,0 days 00:03:54.169664,5.622484251168453e-06,0.9503032190446762,0.0016909405940143418,7.5,0.35,2,217,COMPLETE
29,29,7159.8,2023-01-24 22:02:29.648934,2023-01-24 22:06:33.677675,0 days 00:04:04.028741,4.446194679982799e-06,0.850576002975207,0.2838698244546179,10.0,0.35,2,111,COMPLETE
30,30,6610.960000000001,2023-01-24 22:05:29.096376,2023-01-24 22:09:35.326659,0 days 00:04:06.230283,6.789586570888813e-06,0.8556113078954569,0.9554108027443853,14.0,0.35,2,1064,COMPLETE
31,31,6584.56,2023-01-24 22:06:33.693301,2023-01-24 22:10:38.627053,0 days 00:04:04.933752,1.4285632860372993e-05,0.8539608034509139,0.1691392916192099,14.5,0.30000000000000004,3,521,COMPLETE
32,32,6487.6799999999985,2023-01-24 22:09:35.326659,2023-01-24 22:14:38.126723,0 days 00:05:02.800064,4.055662898992128e-07,0.871513452236501,0.04424019309056017,5.5,0.30000000000000004,9,105,COMPLETE
33,33,6967.784,2023-01-24 22:10:38.642683,2023-01-24 22:13:54.608131,0 days 00:03:15.965448,4.508790413679244e-06,0.8655350284558894,0.0017176186000831437,10.0,0.4,2,468,COMPLETE
34,34,6515.544,2023-01-24 22:13:54.639380,2023-01-24 22:18:58.357936,0 days 00:05:03.718556,0.004963805962260432,0.8872408210059816,0.000382852132744823,18.0,0.45000000000000007,11,674,COMPLETE
35,35,6694.252,2023-01-24 22:14:38.142348,2023-01-24 22:18:08.714824,0 days 00:03:30.572476,0.0021618566745255268,0.8970832247160024,1.1865536724194487e-06,12.5,0.5,3,383,COMPLETE
36,36,6476.86,2023-01-24 22:18:08.730450,2023-01-24 22:22:21.523305,0 days 00:04:12.792855,0.03404053036473408,0.905388362826292,0.0006070162312415957,15.0,0.45000000000000007,5,738,COMPLETE
37,37,5898.6,2023-01-24 22:18:58.357936,2023-01-24 22:22:27.632780,0 days 00:03:29.274844,2.5084757075879593e-05,0.8638198984252847,0.24345358546726886,7.0,0.5,1,295,PRUNED
38,38,6281.044,2023-01-24 22:22:21.538928,2023-01-24 22:27:01.222516,0 days 00:04:39.683588,0.007395916764504702,0.8700784853966371,0.0011400519452457393,34.5,0.5,5,232,COMPLETE
39,39,6267.2480000000005,2023-01-24 22:22:27.632780,2023-01-24 22:25:51.704784,0 days 00:03:24.072004,3.3043957058344706e-07,0.8630987424710014,0.05174763546382481,15.5,0.45000000000000007,1,220,COMPLETE
40,40,7087.1,2023-01-24 22:25:51.704784,2023-01-24 22:32:53.796014,0 days 00:07:02.091230,0.05028907435298975,0.9427475937453036,5.167264056800484e-07,5.0,0.1,23,2128,COMPLETE
41,41,6401.76,2023-01-24 22:27:01.238141,2023-01-24 22:30:07.743907,0 days 00:03:06.505766,0.0001488011961017918,0.9371263897399219,0.2368157518338454,5.0,0.30000000000000004,7,406,COMPLETE
42,42,6788.255999999999,2023-01-24 22:30:07.743907,2023-01-24 22:33:23.906855,0 days 00:03:16.162948,1.0861919311057778e-06,0.8719957254647718,0.0007145187497112763,6.0,0.5,7,582,COMPLETE
43,43,6529.9800000000005,2023-01-24 22:32:53.811635,2023-01-24 22:38:00.460554,0 days 00:05:06.648919,0.0040960710792725934,0.9657898165067941,2.9661805497302256e-06,11.5,0.15000000000000002,20,1968,COMPLETE
44,44,6772.6720000000005,2023-01-24 22:33:23.922483,2023-01-24 22:38:46.680814,0 days 00:05:22.758331,0.022600264929659154,0.93144878731875,7.281273611145239e-05,13.5,0.15000000000000002,20,2137,COMPLETE
45,45,5699.528,2023-01-24 22:38:00.460554,2023-01-24 22:42:49.129319,0 days 00:04:48.668765,0.09512550824903988,0.9444169093408632,1.577349555561441e-07,5.0,0.1,23,2385,PRUNED
46,46,6989.6,2023-01-24 22:38:46.696446,2023-01-24 22:44:25.744061,0 days 00:05:39.047615,0.0002786491805029386,0.8797279081538145,3.059031807887649e-06,9.0,0.1,23,2204,COMPLETE
47,47,6649.084,2023-01-24 22:42:49.144929,2023-01-24 22:51:05.400303,0 days 00:08:16.255374,0.0201775016573747,0.9396600485787773,1.5571269260762416e-06,5.5,0.15000000000000002,21,1541,COMPLETE
48,48,6673.6,2023-01-24 22:44:25.744061,2023-01-24 22:47:49.444793,0 days 00:03:23.700732,3.326063092361609e-07,0.8620852671048191,0.27751495661990405,6.0,0.30000000000000004,1,504,COMPLETE
49,49,6754.576000000001,2023-01-24 22:47:49.471045,2023-01-24 22:56:14.614019,0 days 00:08:25.142974,0.0046078096572803205,0.9201561099617883,2.8083990772023947e-06,7.0,0.1,19,1579,COMPLETE
50,50,6460.8,2023-01-24 22:51:05.415926,2023-01-24 23:00:57.421649,0 days 00:09:52.005723,2.702005169579899e-06,0.9038176856599215,0.31583308770631674,20.0,0.5,23,202,COMPLETE
51,51,6826.4800000000005,2023-01-24 22:56:14.614019,2023-01-24 23:03:19.539796,0 days 00:07:04.925777,0.00014827731956725904,0.9017899870975801,2.8812662046545347e-05,15.5,0.5,8,1457,COMPLETE
52,52,6966.58,2023-01-24 23:00:57.437311,2023-01-24 23:10:54.300407,0 days 00:09:56.863096,2.4778049075782638e-05,0.8938594263283093,2.6114613413836606e-05,10.0,0.15000000000000002,25,1945,COMPLETE
53,53,6600.412000000001,2023-01-24 23:03:19.565601,2023-01-24 23:12:17.931600,0 days 00:08:58.365999,0.0003109483973563819,0.8949802696998179,1.9816624363053974e-06,20.0,0.1,25,1765,COMPLETE
54,54,6566.0960000000005,2023-01-24 23:10:54.300407,2023-01-24 23:21:54.361235,0 days 00:11:00.060828,0.0002475550095151471,0.8684202850273318,4.992408682229365e-07,12.5,0.1,19,2362,COMPLETE
55,55,6540.24,2023-01-24 23:12:18.094479,2023-01-24 23:20:23.199096,0 days 00:08:05.104617,0.0001024034216549604,0.8557131234731836,1.9294783095184925e-06,9.0,0.15000000000000002,16,1752,COMPLETE
56,56,7201.444,2023-01-24 23:20:23.214722,2023-01-24 23:32:10.647220,0 days 00:11:47.432498,0.0002815276890703069,0.8750643149913275,7.710353166901345e-05,10.5,0.2,23,2460,COMPLETE
57,57,6745.976000000001,2023-01-24 23:21:54.390777,2023-01-24 23:27:25.782292,0 days 00:05:31.391515,0.007734852213090109,0.8735876235929921,0.0014951210805470422,5.5,0.5,3,195,COMPLETE
58,58,6513.456,2023-01-24 23:27:25.782292,2023-01-24 23:35:36.710502,0 days 00:08:10.928210,1.5337010157578385e-07,0.8645888136597544,0.98252566281279,35.5,0.15000000000000002,19,833,COMPLETE
59,59,6777.536,2023-01-24 23:32:10.754905,2023-01-24 23:45:06.385196,0 days 00:12:55.630291,0.00018221924198471044,0.8966182329148678,0.01617494726134228,15.0,0.2,21,2476,COMPLETE
60,60,6699.456,2023-01-24 23:35:36.710502,2023-01-24 23:46:08.124814,0 days 00:10:31.414312,0.0038212399705961635,0.8592330545916322,0.005706405159789024,12.0,0.15000000000000002,18,2298,COMPLETE
61,61,6878.448000000001,2023-01-24 23:45:06.400806,2023-01-24 23:56:12.103402,0 days 00:11:05.702596,6.552155515110389e-05,0.850155357090587,0.00016349457147877522,6.5,0.25,20,2498,COMPLETE
62,62,6581.331999999999,2023-01-24 23:46:08.124814,2023-01-24 23:58:25.642503,0 days 00:12:17.517689,6.492510695824594e-05,0.8875165853951099,2.772515626318307e-06,11.5,0.30000000000000004,23,2293,COMPLETE
63,63,6760.576000000001,2023-01-24 23:56:12.103402,2023-01-25 00:10:07.502227,0 days 00:13:55.398825,0.00040899845155606754,0.8825689491463624,8.562335627384221e-07,7.0,0.25,22,2452,COMPLETE
64,64,6560.280000000001,2023-01-24 23:58:25.767772,2023-01-25 00:03:54.122134,0 days 00:05:28.354362,5.881452506808913e-05,0.8509661399385593,0.29754717045645873,11.5,0.35,4,183,COMPLETE
65,65,6691.06,2023-01-25 00:03:54.366180,2023-01-25 00:14:49.789378,0 days 00:10:55.423198,0.017940521232301766,0.8802750378589674,8.298676411143044e-05,7.5,0.15000000000000002,22,2306,COMPLETE
66,66,6564.231999999999,2023-01-25 00:10:07.502227,2023-01-25 00:23:33.229330,0 days 00:13:25.727103,9.20913077629832e-05,0.8626510710608328,0.00011409774524144019,5.0,0.1,23,2451,COMPLETE
67,67,6477.572,2023-01-25 00:14:49.807376,2023-01-25 00:20:37.305158,0 days 00:05:47.497782,4.4529024142791756e-05,0.8830994035360804,0.00017503058910542198,20.0,0.5,5,438,COMPLETE
68,68,6384.608,2023-01-25 00:20:37.305158,2023-01-25 00:25:36.073009,0 days 00:04:58.767851,0.00010981150132103668,0.8947052334092557,0.002865488560483052,8.0,0.35,3,237,COMPLETE
69,69,6436.584000000001,2023-01-25 00:23:33.253751,2023-01-25 00:30:26.161024,0 days 00:06:52.907273,1.0370066546607901e-08,0.9327629682413514,1.9377650798323666e-05,30.5,0.30000000000000004,5,500,COMPLETE
70,70,6717.092,2023-01-25 00:25:36.073009,2023-01-25 00:31:51.185136,0 days 00:06:15.112127,0.00022798466861156228,0.9573843452474947,7.1642287990747e-05,10.0,0.45000000000000007,3,808,COMPLETE
71,71,7000.487999999999,2023-01-25 00:30:26.161024,2023-01-25 00:35:56.288097,0 days 00:05:30.127073,6.919348353806267e-05,0.9211228647219494,0.002783351993657661,15.5,0.45000000000000007,1,1014,COMPLETE
72,72,6995.812,2023-01-25 00:31:51.197558,2023-01-25 00:38:46.361380,0 days 00:06:55.163822,3.5928331169850656e-05,0.866977677018366,0.00132590821295731,8.0,0.45000000000000007,2,452,COMPLETE
73,73,6515.144,2023-01-25 00:35:56.288097,2023-01-25 00:48:57.117871,0 days 00:13:00.829774,0.00016784530797996365,0.9017046390651003,6.971004118700917e-07,6.5,0.1,24,2099,COMPLETE
74,74,6646.447999999999,2023-01-25 00:38:46.361380,2023-01-25 00:45:47.805732,0 days 00:07:01.444352,3.6091372987393347e-06,0.9128547232224725,0.008864542301716743,16.5,0.30000000000000004,7,1525,COMPLETE
75,75,6617.331999999999,2023-01-25 00:45:47.805732,2023-01-25 00:51:26.941740,0 days 00:05:39.136008,0.0003050368129663743,0.8939332564496452,0.00488007098203324,24.5,0.35,3,1134,COMPLETE
76,76,6469.7119999999995,2023-01-25 00:48:57.145103,2023-01-25 00:55:42.150893,0 days 00:06:45.005790,4.975127154057224e-05,0.9029714596463161,0.0045789555007915254,18.0,0.35,3,620,COMPLETE
77,77,7063.168,2023-01-25 00:51:26.957370,2023-01-25 00:58:06.749135,0 days 00:06:39.791765,4.6895695864600596e-06,0.9160190591293983,0.0015504597413595399,17.0,0.4,3,1089,COMPLETE
78,78,6673.120000000001,2023-01-25 00:55:42.150893,2023-01-25 01:02:48.908329,0 days 00:07:06.757436,0.0002777059955116252,0.947297817876605,0.0031990093521309603,26.0,0.5,5,1888,COMPLETE
79,79,6375.724,2023-01-25 00:58:06.764789,2023-01-25 01:04:24.912930,0 days 00:06:18.148141,0.00010910829359022236,0.9146283512251209,0.013949924285936447,17.5,0.45000000000000007,2,1047,COMPLETE
80,80,6443.76,2023-01-25 01:02:49.111002,2023-01-25 01:08:38.641113,0 days 00:05:49.530111,0.0004470278599304194,0.9316138331098929,0.0062137997407696105,18.0,0.45000000000000007,1,1262,COMPLETE
81,81,6651.768000000001,2023-01-25 01:04:24.959803,2023-01-25 01:11:12.405604,0 days 00:06:47.445801,1.7045114151938085e-06,0.9135389142485543,0.0047123382438676595,17.0,0.5,4,1447,COMPLETE
82,82,6519.343999999999,2023-01-25 01:08:38.641113,2023-01-25 01:15:33.011717,0 days 00:06:54.370604,2.767850212355131e-08,0.9364789928839425,0.007067792578512034,21.0,0.4,5,1055,COMPLETE
83,83,6898.2,2023-01-25 01:11:12.405604,2023-01-25 01:16:44.279490,0 days 00:05:31.873886,0.00045731701244217554,0.883478605508609,0.008226040668132447,12.0,0.45000000000000007,2,719,COMPLETE
84,84,6651.207999999999,2023-01-25 01:15:33.011717,2023-01-25 01:21:12.703261,0 days 00:05:39.691544,5.599417096819871e-05,0.9460080874826128,0.0570504401075228,7.0,0.4,1,1243,COMPLETE
85,85,6564.616,2023-01-25 01:16:44.295115,2023-01-25 01:27:20.296888,0 days 00:10:36.001773,5.19444437081942e-05,0.9983437919874025,1.1409889431622688e-06,34.0,0.2,20,1823,COMPLETE
86,86,5244.56,2023-01-25 01:21:12.765760,2023-01-25 01:26:46.351143,0 days 00:05:33.585383,0.0004562128579064387,0.9618644727913448,0.20103610382197726,32.5,0.30000000000000004,8,1035,PRUNED
87,87,6638.551999999999,2023-01-25 01:26:46.367401,2023-01-25 01:34:29.092624,0 days 00:07:42.725223,0.0023202365320709063,0.9140175609635592,2.469074860156598e-05,22.5,0.5,3,819,COMPLETE
88,88,6564.028,2023-01-25 01:27:20.412100,2023-01-25 01:34:33.503737,0 days 00:07:13.091637,6.564326917180231e-05,0.9212059347270511,0.00031711805867615673,8.5,0.4,2,828,COMPLETE
89,89,7151.296,2023-01-25 01:34:29.108878,2023-01-25 01:44:24.357554,0 days 00:09:55.248676,6.919238596546176e-07,0.985979835027117,0.02010987142405117,15.0,0.5,21,2278,COMPLETE
90,90,6835.3240000000005,2023-01-25 01:34:33.582616,2023-01-25 01:45:42.712392,0 days 00:11:09.129776,0.0005183050999378471,0.8795494677822371,0.0001494953670640361,21.0,0.2,24,2431,COMPLETE
91,91,6609.7,2023-01-25 01:44:24.373811,2023-01-25 01:54:39.227900,0 days 00:10:14.854089,3.1616164124903734e-07,0.9772814330631103,0.004922117701625739,19.0,0.4,21,2047,COMPLETE
92,92,6249.92,2023-01-25 01:45:42.712392,2023-01-25 01:55:48.278667,0 days 00:10:05.566275,4.5035157495803095e-06,0.9584219381991879,0.056230412542851875,20.5,0.4,20,1998,COMPLETE
93,93,6612.592,2023-01-25 01:54:39.227900,2023-01-25 02:05:38.896876,0 days 00:10:59.668976,1.0632624571225455e-06,0.9919785059513906,0.0032516061848320787,21.5,0.5,15,2171,COMPLETE
94,94,6542.152,2023-01-25 01:55:48.294292,2023-01-25 02:01:14.349362,0 days 00:05:26.055070,1.881959806863658e-07,0.8979774135303555,0.00017283281432455125,22.0,0.30000000000000004,2,1176,COMPLETE
95,95,6443.088000000001,2023-01-25 02:01:14.411912,2023-01-25 02:07:09.651008,0 days 00:05:55.239096,7.720607160861566e-07,0.9339471960294927,0.00038818563193075527,16.5,0.45000000000000007,1,601,COMPLETE
96,96,6613.8,2023-01-25 02:05:38.912503,2023-01-25 02:17:40.119329,0 days 00:12:01.206826,4.79668799288317e-08,0.9678637700277649,0.08115044880547156,10.0,0.5,25,2153,COMPLETE
97,97,6715.240000000001,2023-01-25 02:07:09.671255,2023-01-25 02:20:01.736953,0 days 00:12:52.065698,2.8247978381493396e-06,0.9937620089292448,0.9994774303563485,9.5,0.45000000000000007,20,2492,COMPLETE
98,98,6433.676000000001,2023-01-25 02:17:40.131513,2023-01-25 02:22:54.476846,0 days 00:05:14.345333,1.2108428372512717e-07,0.8642733873325511,0.001987380695438962,19.0,0.25,2,223,COMPLETE
99,99,6456.7159999999985,2023-01-25 02:20:01.877533,2023-01-25 02:25:18.091388,0 days 00:05:16.213855,1.1963145237325734e-07,0.9849121117254119,0.004591991536701662,7.0,0.45000000000000007,13,1836,COMPLETE
